[debug] [2026-01-09T14:06:27.884Z] ----------------------------------------------------------------------
[debug] [2026-01-09T14:06:27.884Z] Command:       /opt/homebrew/Cellar/node/25.2.1/bin/node /opt/homebrew/bin/firebase emulators:start --only functions,pubsub,firestore
[debug] [2026-01-09T14:06:27.885Z] CLI Version:   14.27.0
[debug] [2026-01-09T14:06:27.885Z] Platform:      darwin
[debug] [2026-01-09T14:06:27.885Z] Node Version:  v25.2.1
[debug] [2026-01-09T14:06:27.885Z] Time:          Fri Jan 09 2026 11:06:27 GMT-0300 (Horário Padrão de Brasília)
[debug] [2026-01-09T14:06:27.885Z] ----------------------------------------------------------------------
[debug] 
[debug] [2026-01-09T14:06:27.948Z] > command requires scopes: ["email","openid","https://www.googleapis.com/auth/cloudplatformprojects.readonly","https://www.googleapis.com/auth/firebase","https://www.googleapis.com/auth/cloud-platform"]
[debug] [2026-01-09T14:06:27.948Z] > authorizing via signed-in user (leocassio.af@gmail.com)
[info] i  emulators: Starting emulators: functions, pubsub {"metadata":{"emulator":{"name":"hub"},"message":"Starting emulators: functions, pubsub"}}
[warn] ⚠  firestore: Not starting the firestore emulator, make sure you have run firebase init. {"metadata":{"emulator":{"name":"firestore"},"message":"Not starting the \u001b[1mfirestore\u001b[22m emulator, make sure you have run \u001b[1mfirebase init\u001b[22m."}}
[debug] [2026-01-09T14:06:28.240Z] [logging] Logging Emulator only supports listening on one address (127.0.0.1). Not listening on ::1
[debug] [2026-01-09T14:06:28.240Z] [pubsub] Pub/Sub Emulator only supports listening on one address (127.0.0.1). Not listening on ::1
[debug] [2026-01-09T14:06:28.240Z] assigned listening specs for emulators {"user":{"hub":[{"address":"127.0.0.1","family":"IPv4","port":4400},{"address":"::1","family":"IPv6","port":4400}],"ui":[{"address":"127.0.0.1","family":"IPv4","port":4000},{"address":"::1","family":"IPv6","port":4000}],"logging":[{"address":"127.0.0.1","family":"IPv4","port":4500}],"pubsub":[{"address":"127.0.0.1","family":"IPv4","port":8085}]},"metadata":{"message":"assigned listening specs for emulators"}}
[debug] [2026-01-09T14:06:28.241Z] Emulator locator file path: /var/folders/94/2qczvy0x40b_n2ghscbjdfsc0000gn/T/hub-ratio-9e231.json
[debug] [2026-01-09T14:06:28.241Z] [hub] writing locator at /var/folders/94/2qczvy0x40b_n2ghscbjdfsc0000gn/T/hub-ratio-9e231.json
[debug] [2026-01-09T14:06:28.460Z] [functions] Functions Emulator only supports listening on one address (127.0.0.1). Not listening on ::1
[debug] [2026-01-09T14:06:28.460Z] [eventarc] Eventarc Emulator only supports listening on one address (127.0.0.1). Not listening on ::1
[debug] [2026-01-09T14:06:28.460Z] [tasks] Cloud Tasks Emulator only supports listening on one address (127.0.0.1). Not listening on ::1
[debug] [2026-01-09T14:06:28.460Z] late-assigned ports for functions and eventarc emulators {"user":{"hub":[{"address":"127.0.0.1","family":"IPv4","port":4400},{"address":"::1","family":"IPv6","port":4400}],"ui":[{"address":"127.0.0.1","family":"IPv4","port":4000},{"address":"::1","family":"IPv6","port":4000}],"logging":[{"address":"127.0.0.1","family":"IPv4","port":4500}],"pubsub":[{"address":"127.0.0.1","family":"IPv4","port":8085}],"functions":[{"address":"127.0.0.1","family":"IPv4","port":5001}],"eventarc":[{"address":"127.0.0.1","family":"IPv4","port":9299}],"tasks":[{"address":"127.0.0.1","family":"IPv4","port":9499}]},"metadata":{"message":"late-assigned ports for functions and eventarc emulators"}}
[warn] ⚠  functions: The following emulators are not running, calls to these services from the Functions emulator will affect production: apphosting, auth, firestore, database, hosting, storage, dataconnect {"metadata":{"emulator":{"name":"functions"},"message":"The following emulators are not running, calls to these services from the Functions emulator will affect production: \u001b[1mapphosting, auth, firestore, database, hosting, storage, dataconnect\u001b[22m"}}
[debug] [2026-01-09T14:06:28.466Z] defaultcredentials: writing to file /Users/leonardofigueiredo/.config/firebase/leocassio_af_gmail.com_application_default_credentials.json
[debug] [2026-01-09T14:06:28.466Z] Setting GAC to /Users/leonardofigueiredo/.config/firebase/leocassio_af_gmail.com_application_default_credentials.json {"metadata":{"emulator":{"name":"functions"},"message":"Setting GAC to /Users/leonardofigueiredo/.config/firebase/leocassio_af_gmail.com_application_default_credentials.json"}}
[debug] [2026-01-09T14:06:28.466Z] Checked if tokens are valid: true, expires at: 1767970810174
[debug] [2026-01-09T14:06:28.466Z] Checked if tokens are valid: true, expires at: 1767970810174
[debug] [2026-01-09T14:06:28.467Z] >>> [apiv2][query] GET https://firebase.googleapis.com/v1beta1/projects/ratio-9e231/adminSdkConfig [none]
[debug] [2026-01-09T14:06:29.016Z] <<< [apiv2][status] GET https://firebase.googleapis.com/v1beta1/projects/ratio-9e231/adminSdkConfig 200
[debug] [2026-01-09T14:06:29.016Z] <<< [apiv2][body] GET https://firebase.googleapis.com/v1beta1/projects/ratio-9e231/adminSdkConfig {"projectId":"ratio-9e231","storageBucket":"ratio-9e231.firebasestorage.app"}
[debug] [2026-01-09T14:06:29.038Z] Ignoring unsupported arg: projectId {"metadata":{"emulator":{"name":"pubsub"},"message":"Ignoring unsupported arg: projectId"}}
[debug] [2026-01-09T14:06:29.038Z] Ignoring unsupported arg: auto_download {"metadata":{"emulator":{"name":"pubsub"},"message":"Ignoring unsupported arg: auto_download"}}
[debug] [2026-01-09T14:06:29.038Z] Starting Pub/Sub Emulator with command {"binary":"/Users/leonardofigueiredo/.cache/firebase/emulators/pubsub-emulator-0.8.17/pubsub-emulator/bin/cloud-pubsub-emulator","args":["--host=127.0.0.1","--port=8085"],"optionalArgs":["port","host"],"joinArgs":true,"shell":true,"port":8085} {"metadata":{"emulator":{"name":"pubsub"},"message":"Starting Pub/Sub Emulator with command {\"binary\":\"/Users/leonardofigueiredo/.cache/firebase/emulators/pubsub-emulator-0.8.17/pubsub-emulator/bin/cloud-pubsub-emulator\",\"args\":[\"--host=127.0.0.1\",\"--port=8085\"],\"optionalArgs\":[\"port\",\"host\"],\"joinArgs\":true,\"shell\":true,\"port\":8085}"}}
[info] i  pubsub: Pub/Sub Emulator logging to pubsub-debug.log {"metadata":{"emulator":{"name":"pubsub"},"message":"Pub/Sub Emulator logging to \u001b[1mpubsub-debug.log\u001b[22m"}}
[debug] [2026-01-09T14:06:29.114Z] This is the Google Pub/Sub fake.
Implementation may be incomplete or differ from the real system.
 {"metadata":{"emulator":{"name":"pubsub"},"message":"This is the Google Pub/Sub fake.\nImplementation may be incomplete or differ from the real system.\n"}}
[debug] [2026-01-09T14:06:29.128Z] jan. 09, 2026 11:06:29 AM com.google.cloud.pubsub.testing.v1.Main main
INFORMAÇÕES: IAM integration is disabled. IAM policy methods and ACL checks are not supported
 {"metadata":{"emulator":{"name":"pubsub"},"message":"jan. 09, 2026 11:06:29 AM com.google.cloud.pubsub.testing.v1.Main main\nINFORMAÇÕES: IAM integration is disabled. IAM policy methods and ACL checks are not supported\n"}}
[debug] [2026-01-09T14:06:29.189Z] SLF4J: Failed to load class "org.slf4j.impl.StaticLoggerBinder".
SLF4J: Defaulting to no-operation (NOP) logger implementation
 {"metadata":{"emulator":{"name":"pubsub"},"message":"SLF4J: Failed to load class \"org.slf4j.impl.StaticLoggerBinder\".\nSLF4J: Defaulting to no-operation (NOP) logger implementation\n"}}
[debug] [2026-01-09T14:06:29.189Z] SLF4J: See http://www.slf4j.org/codes.html#StaticLoggerBinder for further details.
 {"metadata":{"emulator":{"name":"pubsub"},"message":"SLF4J: See http://www.slf4j.org/codes.html#StaticLoggerBinder for further details.\n"}}
[debug] [2026-01-09T14:06:29.192Z] WARNING: A terminally deprecated method in sun.misc.Unsafe has been called
WARNING: sun.misc.Unsafe::allocateMemory has been called by io.netty.util.internal.PlatformDependent0$2 (file:/Users/leonardofigueiredo/.cache/firebase/emulators/pubsub-emulator-0.8.17/pubsub-emulator/lib/cloud-pubsub-emulator-0.8.17-all.jar)
WARNING: Please consider reporting this to the maintainers of class io.netty.util.internal.PlatformDependent0$2
WARNING: sun.misc.Unsafe::allocateMemory will be removed in a future release
 {"metadata":{"emulator":{"name":"pubsub"},"message":"WARNING: A terminally deprecated method in sun.misc.Unsafe has been called\nWARNING: sun.misc.Unsafe::allocateMemory has been called by io.netty.util.internal.PlatformDependent0$2 (file:/Users/leonardofigueiredo/.cache/firebase/emulators/pubsub-emulator-0.8.17/pubsub-emulator/lib/cloud-pubsub-emulator-0.8.17-all.jar)\nWARNING: Please consider reporting this to the maintainers of class io.netty.util.internal.PlatformDependent0$2\nWARNING: sun.misc.Unsafe::allocateMemory will be removed in a future release\n"}}
[debug] [2026-01-09T14:06:29.351Z] jan. 09, 2026 11:06:29 AM com.google.cloud.pubsub.testing.v1.Main main
INFORMAÇÕES: Server started, listening on 8085
 {"metadata":{"emulator":{"name":"pubsub"},"message":"jan. 09, 2026 11:06:29 AM com.google.cloud.pubsub.testing.v1.Main main\nINFORMAÇÕES: Server started, listening on 8085\n"}}
[info] i  functions: Watching "/Users/leonardofigueiredo/Projetos Mobile/ratio-ios/Ratio/functions" for Cloud Functions... {"metadata":{"emulator":{"name":"functions"},"message":"Watching \"/Users/leonardofigueiredo/Projetos Mobile/ratio-ios/Ratio/functions\" for Cloud Functions..."}}
[debug] [2026-01-09T14:06:29.450Z] Validating nodejs source
[warn] ⚠  functions: package.json indicates an outdated version of firebase-functions. Please upgrade using npm install --save firebase-functions@latest in your functions directory. 
[debug] [2026-01-09T14:06:29.831Z] > [functions] package.json contents: {
  "name": "functions",
  "version": "0.1.0",
  "private": true,
  "main": "lib/index.js",
  "engines": {
    "node": "20"
  },
  "scripts": {
    "build": "tsc",
    "deploy": "npm run build"
  },
  "dependencies": {
    "firebase-admin": "^13.6.0",
    "firebase-functions": "^7.0.2"
  },
  "devDependencies": {
    "typescript": "^5.6.3"
  }
}
[debug] [2026-01-09T14:06:29.831Z] Building nodejs source
[debug] [2026-01-09T14:06:29.831Z] Failed to find version of module node: reached end of search path /Users/leonardofigueiredo/Projetos Mobile/ratio-ios/Ratio/functions/node_modules
[warn] ⚠  functions: Your requested "node" version "20" doesn't match your global version "25". Using node@25 from host. 
[debug] [2026-01-09T14:06:29.832Z] Could not find functions.yaml. Must use http discovery
[debug] [2026-01-09T14:06:29.836Z] Found firebase-functions binary at '/Users/leonardofigueiredo/Projetos Mobile/ratio-ios/Ratio/functions/node_modules/.bin/firebase-functions'
[info] Serving at port 8097

[debug] [2026-01-09T14:06:29.984Z] Got response from /__/functions.yaml {"endpoints":{"sendBillingReminders":{"availableMemoryMb":null,"timeoutSeconds":null,"minInstances":null,"maxInstances":null,"ingressSettings":null,"concurrency":null,"serviceAccountEmail":null,"vpc":null,"platform":"gcfv2","labels":{},"scheduleTrigger":{"schedule":"every day 09:00","retryConfig":{},"timeZone":"America/Sao_Paulo"},"entryPoint":"sendBillingReminders"},"sendBillingRemindersTest":{"availableMemoryMb":null,"timeoutSeconds":null,"minInstances":null,"maxInstances":null,"ingressSettings":null,"concurrency":null,"serviceAccountEmail":null,"vpc":null,"platform":"gcfv2","labels":{},"httpsTrigger":{},"entryPoint":"sendBillingRemindersTest"}},"specVersion":"v1alpha1","requiredAPIs":[{"api":"cloudscheduler.googleapis.com","reason":"Needed for scheduled functions."}],"extensions":{}}
[info] ✔  functions: Loaded functions definitions from source: sendBillingReminders, sendBillingRemindersTest. {"metadata":{"emulator":{"name":"functions"},"message":"Loaded functions definitions from source: sendBillingReminders, sendBillingRemindersTest."}}
[debug] [2026-01-09T14:06:34.007Z] addPubsubTrigger {"eventTrigger":{"eventType":"pubsub","resource":""}}
[debug] [2026-01-09T14:06:34.007Z] [pubsub] addTrigger(firebase-schedule-sendBillingReminders, us-central1-sendBillingReminders-0, http)
[debug] [2026-01-09T14:06:34.008Z] [pubsub] Creating topic: firebase-schedule-sendBillingReminders
[debug] [2026-01-09T14:06:37.088Z] jan. 09, 2026 11:06:37 AM io.gapi.emulators.netty.HttpVersionRoutingHandler channelRead
INFORMAÇÕES: Detected HTTP/2 connection.
 {"metadata":{"emulator":{"name":"pubsub"},"message":"jan. 09, 2026 11:06:37 AM io.gapi.emulators.netty.HttpVersionRoutingHandler channelRead\nINFORMAÇÕES: Detected HTTP/2 connection.\n"}}
[debug] [2026-01-09T14:06:37.158Z] [pubsub] Creating sub for topic: firebase-schedule-sendBillingReminders
[info] ✔  functions[us-central1-sendBillingReminders]: pubsub function initialized. {"metadata":{"emulator":{"name":"functions"},"message":"\u001b[1mpubsub\u001b[22m function initialized."}}
[info] ✔  functions[us-central1-sendBillingRemindersTest]: http function initialized (http://127.0.0.1:5001/ratio-9e231/us-central1/sendBillingRemindersTest). {"metadata":{"emulator":{"name":"functions"},"message":"\u001b[1mhttp\u001b[22m function initialized (http://127.0.0.1:5001/ratio-9e231/us-central1/sendBillingRemindersTest)."}}
[debug] [2026-01-09T14:06:37.170Z] Could not find VSCode notification endpoint: FetchError: request to http://localhost:40001/vscode/notify failed, reason: . If you are not running the Firebase Data Connect VSCode extension, this is expected and not an issue.
[info] 
┌─────────────────────────────────────────────────────────────┐
│ ✔  All emulators ready! It is now safe to connect your app. │
│ i  View Emulator UI at http://127.0.0.1:4000/               │
└─────────────────────────────────────────────────────────────┘

┌───────────┬────────────────┬─────────────────────────────────┐
│ Emulator  │ Host:Port      │ View in Emulator UI             │
├───────────┼────────────────┼─────────────────────────────────┤
│ Functions │ 127.0.0.1:5001 │ http://127.0.0.1:4000/functions │
├───────────┼────────────────┼─────────────────────────────────┤
│ Pub/Sub   │ 127.0.0.1:8085 │ n/a                             │
└───────────┴────────────────┴─────────────────────────────────┘
  Emulator Hub host: 127.0.0.1 port: 4400
  Other reserved ports: 4500

Issues? Report them at https://github.com/firebase/firebase-tools/issues and attach the *-debug.log files.
 
[debug] [2026-01-09T14:07:11.679Z] [work-queue] {"queuedWork":["/ratio-9e231/us-central1/sendBillingRemindersTest-2026-01-09T14:07:11.678Z"],"queueLength":1,"runningWork":[],"workRunningCount":0}
[debug] [2026-01-09T14:07:11.681Z] [work-queue] {"queuedWork":[],"queueLength":0,"runningWork":["/ratio-9e231/us-central1/sendBillingRemindersTest-2026-01-09T14:07:11.678Z"],"workRunningCount":1}
[debug] [2026-01-09T14:07:11.681Z] Accepted request GET /ratio-9e231/us-central1/sendBillingRemindersTest --> us-central1-sendBillingRemindersTest
[debug] [2026-01-09T14:07:11.684Z] [functions] Runtime ready! Sending request! {"metadata":{"emulator":{"name":"functions"},"message":"[functions] Runtime ready! Sending request!"}}
[debug] [2026-01-09T14:07:11.687Z] [functions] Got req.url=/ratio-9e231/us-central1/sendBillingRemindersTest, mapping to path=/ {"metadata":{"emulator":{"name":"functions"},"message":"[functions] Got req.url=/ratio-9e231/us-central1/sendBillingRemindersTest, mapping to path=/"}}
[debug] [2026-01-09T14:07:11.700Z] [worker-pool] addWorker(us-central1-sendBillingRemindersTest) {"metadata":{"emulator":{"name":"functions"},"message":"[worker-pool] addWorker(us-central1-sendBillingRemindersTest)"}}
[debug] [2026-01-09T14:07:11.701Z] [worker-pool] Adding worker with key us-central1-sendBillingRemindersTest, total=1 {"metadata":{"emulator":{"name":"functions"},"message":"[worker-pool] Adding worker with key us-central1-sendBillingRemindersTest, total=1"}}
[debug] [2026-01-09T14:07:12.288Z] [runtime-status] [71810] Resolved module firebase-admin {"declared":true,"installed":true,"version":"13.6.0","resolution":"/Users/leonardofigueiredo/Projetos Mobile/ratio-ios/Ratio/functions/node_modules/firebase-admin/lib/index.js"} {"metadata":{"emulator":{"name":"functions"},"function":{"name":"us-central1-sendBillingRemindersTest"},"extension":{},"message":"[runtime-status] [71810] Resolved module firebase-admin {\"declared\":true,\"installed\":true,\"version\":\"13.6.0\",\"resolution\":\"/Users/leonardofigueiredo/Projetos Mobile/ratio-ios/Ratio/functions/node_modules/firebase-admin/lib/index.js\"}"}}
[debug] [2026-01-09T14:07:12.288Z] [runtime-status] [71810] Resolved module firebase-functions {"declared":true,"installed":true,"version":"7.0.2","resolution":"/Users/leonardofigueiredo/Projetos Mobile/ratio-ios/Ratio/functions/node_modules/firebase-functions/lib/v2/index.js"} {"metadata":{"emulator":{"name":"functions"},"function":{"name":"us-central1-sendBillingRemindersTest"},"extension":{},"message":"[runtime-status] [71810] Resolved module firebase-functions {\"declared\":true,\"installed\":true,\"version\":\"7.0.2\",\"resolution\":\"/Users/leonardofigueiredo/Projetos Mobile/ratio-ios/Ratio/functions/node_modules/firebase-functions/lib/v2/index.js\"}"}}
[debug] [2026-01-09T14:07:12.289Z] [runtime-status] [71810] Outgoing network have been stubbed. [{"name":"http","status":"mocked"},{"name":"http","status":"mocked"},{"name":"https","status":"mocked"},{"name":"https","status":"mocked"},{"name":"net","status":"mocked"}] {"metadata":{"emulator":{"name":"functions"},"function":{"name":"us-central1-sendBillingRemindersTest"},"extension":{},"message":"[runtime-status] [71810] Outgoing network have been stubbed. [{\"name\":\"http\",\"status\":\"mocked\"},{\"name\":\"http\",\"status\":\"mocked\"},{\"name\":\"https\",\"status\":\"mocked\"},{\"name\":\"https\",\"status\":\"mocked\"},{\"name\":\"net\",\"status\":\"mocked\"}]"}}
[debug] [2026-01-09T14:07:12.289Z] [runtime-status] [71810] Resolved module firebase-functions {"declared":true,"installed":true,"version":"7.0.2","resolution":"/Users/leonardofigueiredo/Projetos Mobile/ratio-ios/Ratio/functions/node_modules/firebase-functions/lib/v2/index.js"} {"metadata":{"emulator":{"name":"functions"},"function":{"name":"us-central1-sendBillingRemindersTest"},"extension":{},"message":"[runtime-status] [71810] Resolved module firebase-functions {\"declared\":true,\"installed\":true,\"version\":\"7.0.2\",\"resolution\":\"/Users/leonardofigueiredo/Projetos Mobile/ratio-ios/Ratio/functions/node_modules/firebase-functions/lib/v2/index.js\"}"}}
[debug] [2026-01-09T14:07:12.289Z] [runtime-status] [71810] Detected firebase-functions v7+, skipping config helper. {"metadata":{"emulator":{"name":"functions"},"function":{"name":"us-central1-sendBillingRemindersTest"},"extension":{},"message":"[runtime-status] [71810] Detected firebase-functions v7+, skipping config helper."}}
[debug] [2026-01-09T14:07:12.289Z] [runtime-status] [71810] Resolved module firebase-functions {"declared":true,"installed":true,"version":"7.0.2","resolution":"/Users/leonardofigueiredo/Projetos Mobile/ratio-ios/Ratio/functions/node_modules/firebase-functions/lib/v2/index.js"} {"metadata":{"emulator":{"name":"functions"},"function":{"name":"us-central1-sendBillingRemindersTest"},"extension":{},"message":"[runtime-status] [71810] Resolved module firebase-functions {\"declared\":true,\"installed\":true,\"version\":\"7.0.2\",\"resolution\":\"/Users/leonardofigueiredo/Projetos Mobile/ratio-ios/Ratio/functions/node_modules/firebase-functions/lib/v2/index.js\"}"}}
[debug] [2026-01-09T14:07:12.289Z] [runtime-status] [71810] Detected firebase-functions v7+, skipping legacy stubs. {"metadata":{"emulator":{"name":"functions"},"function":{"name":"us-central1-sendBillingRemindersTest"},"extension":{},"message":"[runtime-status] [71810] Detected firebase-functions v7+, skipping legacy stubs."}}
[debug] [2026-01-09T14:07:12.289Z] [runtime-status] [71810] Resolved module firebase-admin {"declared":true,"installed":true,"version":"13.6.0","resolution":"/Users/leonardofigueiredo/Projetos Mobile/ratio-ios/Ratio/functions/node_modules/firebase-admin/lib/index.js"} {"metadata":{"emulator":{"name":"functions"},"function":{"name":"us-central1-sendBillingRemindersTest"},"extension":{},"message":"[runtime-status] [71810] Resolved module firebase-admin {\"declared\":true,\"installed\":true,\"version\":\"13.6.0\",\"resolution\":\"/Users/leonardofigueiredo/Projetos Mobile/ratio-ios/Ratio/functions/node_modules/firebase-admin/lib/index.js\"}"}}
[debug] [2026-01-09T14:07:12.329Z] [runtime-status] [71810] Resolved module firebase-functions {"declared":true,"installed":true,"version":"7.0.2","resolution":"/Users/leonardofigueiredo/Projetos Mobile/ratio-ios/Ratio/functions/node_modules/firebase-functions/lib/v2/index.js"} {"metadata":{"emulator":{"name":"functions"},"function":{"name":"us-central1-sendBillingRemindersTest"},"extension":{},"message":"[runtime-status] [71810] Resolved module firebase-functions {\"declared\":true,\"installed\":true,\"version\":\"7.0.2\",\"resolution\":\"/Users/leonardofigueiredo/Projetos Mobile/ratio-ios/Ratio/functions/node_modules/firebase-functions/lib/v2/index.js\"}"}}
[debug] [2026-01-09T14:07:12.466Z] [runtime-status] [71810] firebase-admin has been stubbed. {"adminResolution":{"declared":true,"installed":true,"version":"13.6.0","resolution":"/Users/leonardofigueiredo/Projetos Mobile/ratio-ios/Ratio/functions/node_modules/firebase-admin/lib/index.js"}} {"metadata":{"emulator":{"name":"functions"},"function":{"name":"us-central1-sendBillingRemindersTest"},"extension":{},"message":"[runtime-status] [71810] firebase-admin has been stubbed. {\"adminResolution\":{\"declared\":true,\"installed\":true,\"version\":\"13.6.0\",\"resolution\":\"/Users/leonardofigueiredo/Projetos Mobile/ratio-ios/Ratio/functions/node_modules/firebase-admin/lib/index.js\"}}"}}
[debug] [2026-01-09T14:07:12.467Z] [runtime-status] [71810] initializeApp(DEFAULT) {"storageBucket":"ratio-9e231.firebasestorage.app","projectId":"ratio-9e231"} {"metadata":{"emulator":{"name":"functions"},"function":{"name":"us-central1-sendBillingRemindersTest"},"extension":{},"message":"[runtime-status] [71810] initializeApp(DEFAULT) {\"storageBucket\":\"ratio-9e231.firebasestorage.app\",\"projectId\":\"ratio-9e231\"}"}}
[debug] [2026-01-09T14:07:12.470Z] [runtime-status] [71810] Functions runtime initialized. {"cwd":"/Users/leonardofigueiredo/Projetos Mobile/ratio-ios/Ratio/functions","node_version":"25.2.1"} {"metadata":{"emulator":{"name":"functions"},"function":{"name":"us-central1-sendBillingRemindersTest"},"extension":{},"message":"[runtime-status] [71810] Functions runtime initialized. {\"cwd\":\"/Users/leonardofigueiredo/Projetos Mobile/ratio-ios/Ratio/functions\",\"node_version\":\"25.2.1\"}"}}
[debug] [2026-01-09T14:07:12.470Z] [runtime-status] [71810] Listening to port: /var/folders/94/2qczvy0x40b_n2ghscbjdfsc0000gn/T/fire_emu_c51f8aa58098f58e.sock {"metadata":{"emulator":{"name":"functions"},"function":{"name":"us-central1-sendBillingRemindersTest"},"extension":{},"message":"[runtime-status] [71810] Listening to port: /var/folders/94/2qczvy0x40b_n2ghscbjdfsc0000gn/T/fire_emu_c51f8aa58098f58e.sock"}}
[debug] [2026-01-09T14:07:12.517Z] [worker-us-central1-sendBillingRemindersTest-4629cfdf-25e5-4c38-8b8b-eeaf5ab78f98]: IDLE {"metadata":{"emulator":{"name":"functions"},"function":{"name":"us-central1-sendBillingRemindersTest"},"extension":{},"message":"[worker-us-central1-sendBillingRemindersTest-4629cfdf-25e5-4c38-8b8b-eeaf5ab78f98]: IDLE"}}
[debug] [2026-01-09T14:07:12.517Z] [worker-pool] submitRequest(triggerId=us-central1-sendBillingRemindersTest) {"metadata":{"emulator":{"name":"functions"},"message":"[worker-pool] submitRequest(triggerId=us-central1-sendBillingRemindersTest)"}}
[info] i  functions: Beginning execution of "us-central1-sendBillingRemindersTest" {"metadata":{"emulator":{"name":"functions"},"function":{"name":"us-central1-sendBillingRemindersTest"},"extension":{},"message":"Beginning execution of \"us-central1-sendBillingRemindersTest\""}}
[debug] [2026-01-09T14:07:12.517Z] [worker-us-central1-sendBillingRemindersTest-4629cfdf-25e5-4c38-8b8b-eeaf5ab78f98]: BUSY {"metadata":{"emulator":{"name":"functions"},"function":{"name":"us-central1-sendBillingRemindersTest"},"extension":{},"message":"[worker-us-central1-sendBillingRemindersTest-4629cfdf-25e5-4c38-8b8b-eeaf5ab78f98]: BUSY"}}
[warn] ⚠  functions: The Cloud Firestore emulator is not running, so calls to Firestore will affect production. {"metadata":{"emulator":{"name":"functions"},"function":{"name":"us-central1-sendBillingRemindersTest"},"extension":{},"message":"The Cloud Firestore emulator is not running, so calls to Firestore will affect production."}}
[warn] ⚠  Google API requested!
   - URL: "https://oauth2.googleapis.com/token"
   - Be careful, this may be a production service. {"metadata":{"emulator":{"name":"functions"},"function":{"name":"us-central1-sendBillingRemindersTest"},"extension":{},"message":"Google API requested!\n   - URL: \"https://oauth2.googleapis.com/token\"\n   - Be careful, this may be a production service."}}
[debug] [2026-01-09T14:07:19.045Z] Finishing up request with event=pause {"metadata":{"emulator":{"name":"functions"},"function":{"name":"us-central1-sendBillingRemindersTest"},"extension":{},"message":"Finishing up request with event=pause"}}
[info] i  functions: Finished "us-central1-sendBillingRemindersTest" in 6528.93275ms {"metadata":{"emulator":{"name":"functions"},"function":{"name":"us-central1-sendBillingRemindersTest"},"extension":{},"message":"Finished \"us-central1-sendBillingRemindersTest\" in 6528.93275ms"}}
[debug] [2026-01-09T14:07:19.046Z] [worker-us-central1-sendBillingRemindersTest-4629cfdf-25e5-4c38-8b8b-eeaf5ab78f98]: IDLE {"metadata":{"emulator":{"name":"functions"},"function":{"name":"us-central1-sendBillingRemindersTest"},"extension":{},"message":"[worker-us-central1-sendBillingRemindersTest-4629cfdf-25e5-4c38-8b8b-eeaf5ab78f98]: IDLE"}}
[debug] [2026-01-09T14:07:19.047Z] Finishing up request with event=finish {"metadata":{"emulator":{"name":"functions"},"function":{"name":"us-central1-sendBillingRemindersTest"},"extension":{},"message":"Finishing up request with event=finish"}}
[debug] [2026-01-09T14:07:19.047Z] Finishing up request with event=close {"metadata":{"emulator":{"name":"functions"},"function":{"name":"us-central1-sendBillingRemindersTest"},"extension":{},"message":"Finishing up request with event=close"}}
[debug] [2026-01-09T14:07:19.047Z] [work-queue] {"queuedWork":[],"queueLength":0,"runningWork":[],"workRunningCount":0}
